{"Q:\\interview-prep\\ts-david-sol\\lib\\QorusAuth.ts": {"path":"Q:\\interview-prep\\ts-david-sol\\lib\\QorusAuth.ts","statementMap":{"0":{"start":{"line":3,"column":0},"end":{"line":3,"column":30}},"1":{"start":{"line":4,"column":0},"end":{"line":4,"column":45}},"2":{"start":{"line":20,"column":8},"end":{"line":20,"column":14}},"3":{"start":{"line":22,"column":4},"end":{"line":34,"column":null}},"4":{"start":{"line":23,"column":19},"end":{"line":27,"column":8}},"5":{"start":{"line":28,"column":6},"end":{"line":28,"column":null}},"6":{"start":{"line":29,"column":6},"end":{"line":29,"column":32}},"7":{"start":{"line":30,"column":6},"end":{"line":30,"column":23}},"8":{"start":{"line":32,"column":6},"end":{"line":32,"column":null}},"9":{"start":{"line":33,"column":6},"end":{"line":33,"column":105}},"10":{"start":{"line":38,"column":4},"end":{"line":38,"column":30}},"11":{"start":{"line":42,"column":4},"end":{"line":46,"column":6}},"12":{"start":{"line":42,"column":23},"end":{"line":42,"column":44}},"13":{"start":{"line":44,"column":6},"end":{"line":44,"column":47}},"14":{"start":{"line":45,"column":6},"end":{"line":45,"column":null}},"15":{"start":{"line":50,"column":0},"end":{"line":50,"column":25}}},"fnMap":{"0":{"name":"(anonymous_1)","decl":{"start":{"line":15,"column":2},"end":{"line":15,"column":7}},"loc":{"start":{"line":15,"column":34},"end":{"line":35,"column":3}}},"1":{"name":"(anonymous_2)","decl":{"start":{"line":37,"column":2},"end":{"line":37,"column":8}},"loc":{"start":{"line":37,"column":8},"end":{"line":39,"column":3}}},"2":{"name":"(anonymous_3)","decl":{"start":{"line":41,"column":2},"end":{"line":41,"column":14}},"loc":{"start":{"line":41,"column":14},"end":{"line":47,"column":3}}}},"branchMap":{"0":{"loc":{"start":{"line":17,"column":6},"end":{"line":17,"column":75}},"type":"default-arg","locations":[{"start":{"line":17,"column":12},"end":{"line":17,"column":75}}]},"1":{"loc":{"start":{"line":42,"column":4},"end":{"line":46,"column":6}},"type":"if","locations":[{"start":{"line":42,"column":4},"end":{"line":46,"column":6}},{"start":{"line":43,"column":9},"end":{"line":46,"column":6}}]}},"s":{"0":1,"1":1,"2":2,"3":2,"4":2,"5":1,"6":1,"7":1,"8":1,"9":1,"10":1,"11":2,"12":1,"13":1,"14":1,"15":1},"f":{"0":2,"1":1,"2":2},"b":{"0":[1],"1":[1,1]}}
,"Q:\\interview-prep\\ts-david-sol\\lib\\logger.ts": {"path":"Q:\\interview-prep\\ts-david-sol\\lib\\logger.ts","statementMap":{"0":{"start":{"line":1,"column":0},"end":{"line":1,"column":29}},"1":{"start":{"line":2,"column":0},"end":{"line":2,"column":32}},"2":{"start":{"line":4,"column":21},"end":{"line":8,"column":null}},"3":{"start":{"line":11,"column":22},"end":{"line":21,"column":null}},"4":{"start":{"line":23,"column":15},"end":{"line":35,"column":2}},"5":{"start":{"line":37,"column":0},"end":{"line":37,"column":null}},"6":{"start":{"line":38,"column":0},"end":{"line":38,"column":null}}},"fnMap":{},"branchMap":{},"s":{"0":1,"1":1,"2":1,"3":1,"4":1,"5":1,"6":1},"f":{},"b":{}}
,"Q:\\interview-prep\\ts-david-sol\\utils\\httpsAxios.ts": {"path":"Q:\\interview-prep\\ts-david-sol\\utils\\httpsAxios.ts","statementMap":{"0":{"start":{"line":3,"column":0},"end":{"line":3,"column":26}},"1":{"start":{"line":4,"column":0},"end":{"line":4,"column":26}},"2":{"start":{"line":7,"column":19},"end":{"line":9,"column":2}},"3":{"start":{"line":10,"column":19},"end":{"line":10,"column":47}},"4":{"start":{"line":12,"column":0},"end":{"line":12,"column":26}}},"fnMap":{},"branchMap":{},"s":{"0":1,"1":1,"2":1,"3":1,"4":1},"f":{},"b":{}}
}
