{"Q:\\interview-prep\\ts-david-sol\\lib\\QorusAuth.ts": {"path":"Q:\\interview-prep\\ts-david-sol\\lib\\QorusAuth.ts","statementMap":{"0":{"start":{"line":3,"column":0},"end":{"line":3,"column":30}},"1":{"start":{"line":4,"column":0},"end":{"line":4,"column":45}},"2":{"start":{"line":14,"column":2},"end":{"line":15,"column":68}},"3":{"start":{"line":21,"column":8},"end":{"line":21,"column":14}},"4":{"start":{"line":23,"column":4},"end":{"line":39,"column":null}},"5":{"start":{"line":24,"column":19},"end":{"line":28,"column":8}},"6":{"start":{"line":29,"column":6},"end":{"line":29,"column":78}},"7":{"start":{"line":30,"column":6},"end":{"line":30,"column":32}},"8":{"start":{"line":31,"column":6},"end":{"line":31,"column":23}},"9":{"start":{"line":33,"column":6},"end":{"line":35,"column":8}},"10":{"start":{"line":36,"column":6},"end":{"line":38,"column":8}},"11":{"start":{"line":43,"column":4},"end":{"line":43,"column":30}},"12":{"start":{"line":47,"column":4},"end":{"line":49,"column":null}},"13":{"start":{"line":48,"column":6},"end":{"line":48,"column":20}},"14":{"start":{"line":50,"column":4},"end":{"line":50,"column":29}},"15":{"start":{"line":51,"column":4},"end":{"line":51,"column":61}},"16":{"start":{"line":55,"column":4},"end":{"line":55,"column":25}},"17":{"start":{"line":59,"column":4},"end":{"line":63,"column":null}},"18":{"start":{"line":59,"column":23},"end":{"line":59,"column":44}},"19":{"start":{"line":61,"column":6},"end":{"line":61,"column":47}},"20":{"start":{"line":62,"column":6},"end":{"line":62,"column":18}},"21":{"start":{"line":67,"column":0},"end":{"line":67,"column":25}}},"fnMap":{"0":{"name":"(anonymous_1)","decl":{"start":{"line":12,"column":0},"end":{"line":12,"column":6}},"loc":{"start":{"line":12,"column":0},"end":{"line":65,"column":1}}},"1":{"name":"(anonymous_2)","decl":{"start":{"line":17,"column":2},"end":{"line":17,"column":7}},"loc":{"start":{"line":17,"column":34},"end":{"line":40,"column":3}}},"2":{"name":"(anonymous_3)","decl":{"start":{"line":42,"column":2},"end":{"line":42,"column":8}},"loc":{"start":{"line":42,"column":8},"end":{"line":44,"column":3}}},"3":{"name":"(anonymous_4)","decl":{"start":{"line":46,"column":2},"end":{"line":46,"column":8}},"loc":{"start":{"line":46,"column":25},"end":{"line":52,"column":3}}},"4":{"name":"(anonymous_5)","decl":{"start":{"line":54,"column":2},"end":{"line":54,"column":11}},"loc":{"start":{"line":54,"column":11},"end":{"line":56,"column":3}}},"5":{"name":"(anonymous_6)","decl":{"start":{"line":58,"column":2},"end":{"line":58,"column":14}},"loc":{"start":{"line":58,"column":14},"end":{"line":64,"column":3}}}},"branchMap":{"0":{"loc":{"start":{"line":47,"column":4},"end":{"line":49,"column":null}},"type":"if","locations":[{"start":{"line":47,"column":4},"end":{"line":49,"column":null}}]},"1":{"loc":{"start":{"line":59,"column":4},"end":{"line":63,"column":null}},"type":"if","locations":[{"start":{"line":59,"column":4},"end":{"line":63,"column":null}},{"start":{"line":60,"column":9},"end":{"line":63,"column":null}}]}},"s":{"0":1,"1":1,"2":1,"3":2,"4":2,"5":2,"6":1,"7":1,"8":1,"9":1,"10":1,"11":2,"12":1,"13":1,"14":1,"15":1,"16":2,"17":2,"18":1,"19":1,"20":1,"21":1},"f":{"0":1,"1":2,"2":2,"3":1,"4":2,"5":2},"b":{"0":[1],"1":[1,1]}}
,"Q:\\interview-prep\\ts-david-sol\\lib\\logger.ts": {"path":"Q:\\interview-prep\\ts-david-sol\\lib\\logger.ts","statementMap":{"0":{"start":{"line":1,"column":0},"end":{"line":1,"column":29}},"1":{"start":{"line":2,"column":0},"end":{"line":2,"column":32}},"2":{"start":{"line":4,"column":21},"end":{"line":8,"column":null}},"3":{"start":{"line":11,"column":22},"end":{"line":21,"column":null}},"4":{"start":{"line":23,"column":15},"end":{"line":35,"column":2}},"5":{"start":{"line":37,"column":0},"end":{"line":37,"column":null}},"6":{"start":{"line":38,"column":0},"end":{"line":38,"column":null}}},"fnMap":{},"branchMap":{},"s":{"0":1,"1":1,"2":1,"3":1,"4":1,"5":1,"6":1},"f":{},"b":{}}
,"Q:\\interview-prep\\ts-david-sol\\utils\\httpsAxios.ts": {"path":"Q:\\interview-prep\\ts-david-sol\\utils\\httpsAxios.ts","statementMap":{"0":{"start":{"line":3,"column":0},"end":{"line":3,"column":26}},"1":{"start":{"line":4,"column":0},"end":{"line":4,"column":26}},"2":{"start":{"line":7,"column":19},"end":{"line":9,"column":2}},"3":{"start":{"line":10,"column":19},"end":{"line":10,"column":47}},"4":{"start":{"line":12,"column":0},"end":{"line":12,"column":26}}},"fnMap":{},"branchMap":{},"s":{"0":1,"1":1,"2":1,"3":1,"4":1},"f":{},"b":{}}
}
