TN:
SF:lib\QorusAuth.ts
FN:12,(anonymous_1)
FN:17,(anonymous_2)
FN:43,(anonymous_3)
FN:47,(anonymous_4)
FN:55,(anonymous_5)
FN:59,(anonymous_6)
FNF:6
FNH:6
FNDA:1,(anonymous_1)
FNDA:2,(anonymous_2)
FNDA:2,(anonymous_3)
FNDA:1,(anonymous_4)
FNDA:2,(anonymous_5)
FNDA:2,(anonymous_6)
DA:3,1
DA:4,1
DA:14,1
DA:22,2
DA:24,2
DA:25,2
DA:30,1
DA:31,1
DA:32,1
DA:34,1
DA:37,1
DA:44,2
DA:48,1
DA:49,1
DA:51,1
DA:52,1
DA:56,2
DA:60,2
DA:62,1
DA:63,1
DA:68,1
LF:21
LH:21
BRDA:48,0,0,1
BRDA:60,1,0,1
BRDA:60,1,1,1
BRF:3
BRH:3
end_of_record
TN:
SF:lib\logger.ts
FNF:0
FNH:0
DA:1,1
DA:2,1
DA:4,1
DA:11,1
DA:23,1
DA:37,1
DA:38,1
LF:7
LH:7
BRF:0
BRH:0
end_of_record
TN:
SF:utils\httpsAxios.ts
FNF:0
FNH:0
DA:3,1
DA:4,1
DA:7,1
DA:10,1
DA:12,1
LF:5
LH:5
BRF:0
BRH:0
end_of_record
