TN:
SF:lib\QorusAuth.ts
FN:15,(anonymous_1)
FN:37,(anonymous_2)
FN:41,(anonymous_3)
FNF:3
FNH:3
FNDA:2,(anonymous_1)
FNDA:1,(anonymous_2)
FNDA:2,(anonymous_3)
DA:3,1
DA:4,1
DA:20,2
DA:22,2
DA:23,2
DA:28,1
DA:29,1
DA:30,1
DA:32,1
DA:33,1
DA:38,1
DA:42,2
DA:44,1
DA:45,1
DA:50,1
LF:15
LH:15
BRDA:17,0,0,1
BRDA:42,1,0,1
BRDA:42,1,1,1
BRF:3
BRH:3
end_of_record
TN:
SF:lib\logger.ts
FNF:0
FNH:0
DA:1,1
DA:2,1
DA:4,1
DA:11,1
DA:23,1
DA:37,1
DA:38,1
LF:7
LH:7
BRF:0
BRH:0
end_of_record
TN:
SF:utils\httpsAxios.ts
FNF:0
FNH:0
DA:3,1
DA:4,1
DA:7,1
DA:10,1
DA:12,1
LF:5
LH:5
BRF:0
BRH:0
end_of_record
